<?xml version="1.0"?><ts><start>s0</start><states><state id="s3"><transition target="s4" action="junit.framework.TestCase.assertEquals(int,int)" proba="1.0"></transition></state><state id="s4"><transition target="s4" action="junit.framework.TestCase.assertEquals(int,int)" proba="0.5"></transition><transition target="sX" action="epsilon" proba="0.5"></transition></state><state id="sX"><transition target="s0" action="epsilon" proba="1.0"></transition></state><state id="s0"><transition target="s1" action="junit.framework.TestCase.assertTrue(java.lang.String,boolean)" proba="0.5"></transition><transition target="s2" action="junit.framework.TestCase.assertEquals(java.lang.String,java.lang.String)" proba="0.5"></transition></state><state id="s1"><transition target="sX" action="epsilon" proba="0.3333333333333333"></transition><transition target="s1" action="junit.framework.TestCase.assertTrue(java.lang.String,boolean)" proba="0.6666666666666666"></transition></state><state id="s2"><transition target="s3" action="junit.framework.TestCase.assertSame(java.lang.Object,java.lang.Object)" proba="1.0"></transition></state></states></ts>