<?xml version="1.0"?><ts><start>s0</start><states><state id="s3"><transition target="s4" action="junit.framework.TestSuite.addTest(junit.framework.Test)" proba="0.2"></transition><transition target="s2" action="junit.framework.TestSuite.setName(java.lang.String)" proba="0.8"></transition></state><state id="s4"><transition target="s4" action="junit.framework.TestSuite.addTest(junit.framework.Test)" proba="0.8928571428571429"></transition><transition target="sX" action="epsilon" proba="0.10714285714285714"></transition></state><state id="s5"><transition target="s5" action="junit.framework.TestSuite.addTestSuite(java.lang.Class)" proba="0.9166666666666666"></transition><transition target="sX" action="epsilon" proba="0.08333333333333333"></transition></state><state id="sX"><transition target="s0" action="epsilon" proba="1.0"></transition></state><state id="s0"><transition target="s3" action="junit.framework.TestSuite.&lt;init&gt;()" proba="0.12658227848101267"></transition><transition target="s1" action="junit.framework.TestSuite.&lt;init&gt;(java.lang.Class)" proba="0.8734177215189873"></transition></state><state id="s1"><transition target="sX" action="epsilon" proba="0.014492753623188406"></transition><transition target="s2" action="junit.framework.TestSuite.setName(java.lang.String)" proba="0.9855072463768116"></transition></state><state id="s2"><transition target="s4" action="junit.framework.TestSuite.addTest(junit.framework.Test)" proba="0.09210526315789473"></transition><transition target="s5" action="junit.framework.TestSuite.addTestSuite(java.lang.Class)" proba="0.013157894736842105"></transition><transition target="sX" action="epsilon" proba="0.8947368421052632"></transition></state></states></ts>