<?xml version="1.0"?><ts><start>s0</start><states><state id="s3"><transition target="s3" action="junit.framework.Assert.assertFalse(boolean)" proba="0.8181818181818182"></transition><transition target="s4" action="junit.framework.Assert.assertTrue(boolean)" proba="0.18181818181818182"></transition></state><state id="s4"><transition target="s4" action="junit.framework.Assert.assertTrue(boolean)" proba="0.3333333333333333"></transition><transition target="sX" action="epsilon" proba="0.6666666666666666"></transition></state><state id="s5"><transition target="sX" action="epsilon" proba="1.0"></transition></state><state id="s6"><transition target="sX" action="epsilon" proba="1.0"></transition></state><state id="s7"><transition target="s6" action="junit.framework.Assert.assertEquals(java.lang.String,java.lang.String)" proba="1.0"></transition></state><state id="sX"><transition target="s0" action="epsilon" proba="1.0"></transition></state><state id="s8"><transition target="sX" action="epsilon" proba="1.0"></transition></state><state id="s9"><transition target="sX" action="epsilon" proba="1.0"></transition></state><state id="s11"><transition target="s6" action="junit.framework.Assert.assertEquals(java.lang.String,java.lang.String)" proba="1.0"></transition></state><state id="s10"><transition target="s11" action="junit.framework.Assert.fail(java.lang.String)" proba="1.0"></transition></state><state id="s0"><transition target="s3" action="junit.framework.Assert.assertFalse(boolean)" proba="0.11764705882352941"></transition><transition target="s5" action="junit.framework.Assert.assertFalse(java.lang.String,boolean)" proba="0.058823529411764705"></transition><transition target="s6" action="junit.framework.Assert.assertEquals(java.lang.String,java.lang.String)" proba="0.058823529411764705"></transition><transition target="s10" action="junit.framework.Assert.assertNotNull(java.lang.Object)" proba="0.058823529411764705"></transition><transition target="s7" action="junit.framework.Assert.assertTrue(java.lang.String,boolean)" proba="0.058823529411764705"></transition><transition target="s8" action="junit.framework.Assert.assertEquals(int,int)" proba="0.058823529411764705"></transition><transition target="s9" action="junit.framework.Assert.assertEquals(java.lang.String,int,int)" proba="0.058823529411764705"></transition><transition target="s1" action="junit.framework.Assert.assertEquals(java.lang.Object,java.lang.Object)" proba="0.35294117647058826"></transition><transition target="s2" action="junit.framework.Assert.assertEquals(java.lang.String,double,double,double)" proba="0.17647058823529413"></transition></state><state id="s1"><transition target="sX" action="epsilon" proba="0.05042016806722689"></transition><transition target="s1" action="junit.framework.Assert.assertEquals(java.lang.Object,java.lang.Object)" proba="0.9495798319327731"></transition></state><state id="s2"><transition target="sX" action="epsilon" proba="1.0"></transition></state></states></ts>