<?xml version="1.0"?><ts><start>s0</start><states><state id="s3"><transition target="s3" action="junit.framework.Assert.assertTrue(boolean)" proba="0.125"></transition><transition target="sX" action="epsilon" proba="0.875"></transition></state><state id="s4"><transition target="s4" action="junit.framework.Assert.assertEquals(java.lang.Object,java.lang.Object)" proba="0.5555555555555556"></transition><transition target="sX" action="epsilon" proba="0.4444444444444444"></transition></state><state id="sX"><transition target="s0" action="epsilon" proba="1.0"></transition></state><state id="s0"><transition target="s3" action="junit.framework.Assert.assertTrue(boolean)" proba="0.25"></transition><transition target="s4" action="junit.framework.Assert.assertEquals(java.lang.Object,java.lang.Object)" proba="0.3333333333333333"></transition><transition target="s1" action="junit.framework.Assert.assertEquals(int,int)" proba="0.08333333333333333"></transition><transition target="s2" action="junit.framework.Assert.assertNotNull(java.lang.Object)" proba="0.3333333333333333"></transition></state><state id="s1"><transition target="sX" action="epsilon" proba="1.0"></transition></state><state id="s2"><transition target="s3" action="junit.framework.Assert.assertTrue(boolean)" proba="1.0"></transition></state></states></ts>