<?xml version="1.0"?><ts><start>s0</start><states><state id="s3"><transition target="sX" action="epsilon" proba="1.0"></transition></state><state id="s4"><transition target="s4" action="junit.framework.Assert.fail(java.lang.String)" proba="0.2"></transition><transition target="s5" action="junit.framework.Assert.assertEquals(java.lang.Object,java.lang.Object)" proba="0.2"></transition><transition target="sX" action="epsilon" proba="0.6"></transition></state><state id="s5"><transition target="s4" action="junit.framework.Assert.fail(java.lang.String)" proba="0.2"></transition><transition target="s5" action="junit.framework.Assert.assertEquals(java.lang.Object,java.lang.Object)" proba="0.8"></transition></state><state id="sX"><transition target="s0" action="epsilon" proba="1.0"></transition></state><state id="s0"><transition target="s3" action="junit.framework.Assert.assertEquals(int,int)" proba="0.15384615384615385"></transition><transition target="s4" action="junit.framework.Assert.fail(java.lang.String)" proba="0.15384615384615385"></transition><transition target="s5" action="junit.framework.Assert.assertEquals(java.lang.Object,java.lang.Object)" proba="0.07692307692307693"></transition><transition target="s1" action="junit.framework.Assert.assertNotNull(java.lang.Object)" proba="0.38461538461538464"></transition><transition target="s2" action="junit.framework.Assert.assertTrue(boolean)" proba="0.23076923076923078"></transition></state><state id="s1"><transition target="sX" action="epsilon" proba="0.2"></transition><transition target="s2" action="junit.framework.Assert.assertTrue(boolean)" proba="0.8"></transition></state><state id="s2"><transition target="sX" action="epsilon" proba="0.875"></transition><transition target="s2" action="junit.framework.Assert.assertTrue(boolean)" proba="0.125"></transition></state></states></ts>