<?xml version="1.0"?><ts><start>s0</start><states><state id="s3"><transition target="s3" action="junit.framework.Assert.assertTrue(boolean)" proba="0.3181818181818182"></transition><transition target="sX" action="epsilon" proba="0.5"></transition><transition target="s1" action="junit.framework.Assert.assertEquals(double,double,double)" proba="0.18181818181818182"></transition></state><state id="s4"><transition target="s1" action="junit.framework.Assert.assertEquals(double,double,double)" proba="1.0"></transition></state><state id="s5"><transition target="s5" action="junit.framework.Assert.assertTrue(java.lang.String,boolean)" proba="0.3333333333333333"></transition><transition target="s6" action="junit.framework.Assert.assertEquals(java.lang.String,double,double,double)" proba="0.3333333333333333"></transition><transition target="s1" action="junit.framework.Assert.assertEquals(double,double,double)" proba="0.3333333333333333"></transition></state><state id="s6"><transition target="s6" action="junit.framework.Assert.assertEquals(java.lang.String,double,double,double)" proba="0.25"></transition><transition target="sX" action="epsilon" proba="0.75"></transition></state><state id="s7"><transition target="s8" action="junit.framework.Assert.assertEquals(java.lang.String,int,int)" proba="1.0"></transition></state><state id="sX"><transition target="s0" action="epsilon" proba="1.0"></transition></state><state id="s8"><transition target="sX" action="epsilon" proba="1.0"></transition></state><state id="s0"><transition target="s3" action="junit.framework.Assert.assertTrue(boolean)" proba="0.3333333333333333"></transition><transition target="s4" action="junit.framework.Assert.assertEquals(int,int)" proba="0.030303030303030304"></transition><transition target="s5" action="junit.framework.Assert.assertTrue(java.lang.String,boolean)" proba="0.06060606060606061"></transition><transition target="s7" action="junit.framework.Assert.assertEquals(java.lang.String,java.lang.Object,java.lang.Object)" proba="0.030303030303030304"></transition><transition target="s1" action="junit.framework.Assert.assertEquals(double,double,double)" proba="0.42424242424242425"></transition><transition target="s2" action="junit.framework.Assert.fail(java.lang.String)" proba="0.12121212121212122"></transition></state><state id="s1"><transition target="s3" action="junit.framework.Assert.assertTrue(boolean)" proba="0.14285714285714285"></transition><transition target="s6" action="junit.framework.Assert.assertEquals(java.lang.String,double,double,double)" proba="0.03571428571428571"></transition><transition target="sX" action="epsilon" proba="0.5357142857142857"></transition><transition target="s1" action="junit.framework.Assert.assertEquals(double,double,double)" proba="0.2857142857142857"></transition></state><state id="s2"><transition target="s6" action="junit.framework.Assert.assertEquals(java.lang.String,double,double,double)" proba="0.16666666666666666"></transition><transition target="sX" action="epsilon" proba="0.5"></transition><transition target="s2" action="junit.framework.Assert.fail(java.lang.String)" proba="0.3333333333333333"></transition></state></states></ts>