<?xml version="1.0"?><ts><start>s0</start><states><state id="s3"><transition target="s3" action="junit.framework.TestSuite.addTest(junit.framework.Test)" proba="0.9583333333333334"></transition><transition target="sX" action="epsilon" proba="0.041666666666666664"></transition></state><state id="sX"><transition target="s0" action="epsilon" proba="1.0"></transition></state><state id="s0"><transition target="s1" action="junit.framework.TestSuite.&lt;init&gt;(java.lang.String)" proba="1.0"></transition></state><state id="s1"><transition target="s3" action="junit.framework.TestSuite.addTest(junit.framework.Test)" proba="0.058823529411764705"></transition><transition target="s2" action="junit.framework.TestSuite.addTestSuite(java.lang.Class)" proba="0.9411764705882353"></transition></state><state id="s2"><transition target="sX" action="epsilon" proba="0.06349206349206349"></transition><transition target="s2" action="junit.framework.TestSuite.addTestSuite(java.lang.Class)" proba="0.9365079365079365"></transition></state></states></ts>