<?xml version="1.0"?><ts><start>s0</start><states><state id="sX"><transition target="s0" action="epsilon" proba="1.0"></transition></state><state id="s0"><transition target="s1" action="junit.textui.TestRunner.run(junit.framework.Test)" proba="0.9453125"></transition><transition target="s2" action="junit.textui.TestRunner.main(java.lang.String[])" proba="0.0546875"></transition></state><state id="s1"><transition target="sX" action="epsilon" proba="1.0"></transition></state><state id="s2"><transition target="sX" action="epsilon" proba="1.0"></transition></state></states></ts>