<?xml version="1.0"?><ts><start>s0</start><states><state id="s3"><transition target="s4" action="junit.framework.TestSuite.addTest(junit.framework.Test)" proba="0.2857142857142857"></transition><transition target="s2" action="junit.framework.TestSuite.setName(java.lang.String)" proba="0.7142857142857143"></transition></state><state id="s4"><transition target="s4" action="junit.framework.TestSuite.addTest(junit.framework.Test)" proba="0.9104477611940298"></transition><transition target="sX" action="epsilon" proba="0.08955223880597014"></transition></state><state id="s5"><transition target="s5" action="junit.framework.TestSuite.addTestSuite(java.lang.Class)" proba="0.9166666666666666"></transition><transition target="sX" action="epsilon" proba="0.08333333333333333"></transition></state><state id="sX"><transition target="s0" action="epsilon" proba="1.0"></transition></state><state id="s0"><transition target="s3" action="junit.framework.TestSuite.&lt;init&gt;()" proba="0.10294117647058823"></transition><transition target="s1" action="junit.framework.TestSuite.&lt;init&gt;(java.lang.Class)" proba="0.8970588235294118"></transition></state><state id="s1"><transition target="sX" action="epsilon" proba="0.01639344262295082"></transition><transition target="s2" action="junit.framework.TestSuite.setName(java.lang.String)" proba="0.9836065573770492"></transition></state><state id="s2"><transition target="s4" action="junit.framework.TestSuite.addTest(junit.framework.Test)" proba="0.06153846153846154"></transition><transition target="s5" action="junit.framework.TestSuite.addTestSuite(java.lang.Class)" proba="0.015384615384615385"></transition><transition target="sX" action="epsilon" proba="0.9230769230769231"></transition></state></states></ts>