<?xml version='1.0' encoding='UTF-8'?><ts><start>s0</start><states><state id="s3"><transition target="s3" action="junit.framework.TestSuite.addTest(junit.framework.Test)" proba="0.125"/><transition target="sX" action="epsilon" proba="0.875"/></state><state id="s4"><transition target="s3" action="junit.framework.TestSuite.addTest(junit.framework.Test)" proba="0.2"/><transition target="sX" action="epsilon" proba="0.8"/></state><state id="sX"><transition target="s0" action="epsilon" proba="1.0"/></state><state id="s0"><transition target="s3" action="junit.framework.TestSuite.addTest(junit.framework.Test)" proba="0.2777777777777778"/><transition target="s4" action="junit.framework.TestSuite.&lt;init>()" proba="0.2777777777777778"/><transition target="s1" action="junit.framework.TestSuite.&lt;init>(java.lang.String)" proba="0.3888888888888889"/><transition target="s2" action="junit.framework.TestSuite.addTestSuite(java.lang.Class)" proba="0.05555555555555555"/></state><state id="s1"><transition target="s3" action="junit.framework.TestSuite.addTest(junit.framework.Test)" proba="0.14285714285714285"/><transition target="s2" action="junit.framework.TestSuite.addTestSuite(java.lang.Class)" proba="0.8571428571428571"/></state><state id="s2"><transition target="sX" action="epsilon" proba="0.125"/><transition target="s2" action="junit.framework.TestSuite.addTestSuite(java.lang.Class)" proba="0.875"/></state></states></ts>