<?xml version="1.0"?><ts><start>s0</start><states><state id="s3"><transition target="s3" action="junit.framework.Assert.assertEquals(java.lang.String,int,int)" proba="0.4666666666666667"></transition><transition target="s5" action="junit.framework.Assert.assertEquals(java.lang.String,java.lang.Object,java.lang.Object)" proba="0.13333333333333333"></transition><transition target="sX" action="epsilon" proba="0.13333333333333333"></transition><transition target="s8" action="junit.framework.Assert.assertEquals(java.lang.Object,java.lang.Object)" proba="0.06666666666666667"></transition><transition target="s9" action="junit.framework.Assert.assertEquals(java.lang.String,java.lang.String,java.lang.String)" proba="0.2"></transition></state><state id="s4"><transition target="s4" action="junit.framework.Assert.assertTrue(boolean)" proba="0.8206521739130435"></transition><transition target="s11" action="junit.framework.Assert.fail(java.lang.String)" proba="0.0018115942028985507"></transition><transition target="s6" action="junit.framework.Assert.assertSame(java.lang.Object,java.lang.Object)" proba="0.0018115942028985507"></transition><transition target="sX" action="epsilon" proba="0.16666666666666666"></transition><transition target="s17" action="junit.framework.Assert.assertFalse(boolean)" proba="0.0036231884057971015"></transition><transition target="s2" action="junit.framework.Assert.assertEquals(java.lang.String,java.lang.String)" proba="0.005434782608695652"></transition></state><state id="s5"><transition target="s5" action="junit.framework.Assert.assertEquals(java.lang.String,java.lang.Object,java.lang.Object)" proba="0.6111111111111112"></transition><transition target="s10" action="junit.framework.Assert.assertNull(java.lang.String,java.lang.Object)" proba="0.05555555555555555"></transition><transition target="sX" action="epsilon" proba="0.16666666666666666"></transition><transition target="s9" action="junit.framework.Assert.assertEquals(java.lang.String,java.lang.String,java.lang.String)" proba="0.1111111111111111"></transition><transition target="s19" action="junit.framework.Assert.assertNotSame(java.lang.String,java.lang.Object,java.lang.Object)" proba="0.05555555555555555"></transition></state><state id="s6"><transition target="s6" action="junit.framework.Assert.assertSame(java.lang.Object,java.lang.Object)" proba="0.6"></transition><transition target="sX" action="epsilon" proba="0.36"></transition><transition target="s2" action="junit.framework.Assert.assertEquals(java.lang.String,java.lang.String)" proba="0.04"></transition></state><state id="s7"><transition target="s7" action="junit.framework.Assert.fail()" proba="0.3125"></transition><transition target="sX" action="epsilon" proba="0.5625"></transition><transition target="s8" action="junit.framework.Assert.assertEquals(java.lang.Object,java.lang.Object)" proba="0.125"></transition></state><state id="sX"><transition target="s0" action="epsilon" proba="1.0"></transition></state><state id="s8"><transition target="s6" action="junit.framework.Assert.assertSame(java.lang.Object,java.lang.Object)" proba="0.017241379310344827"></transition><transition target="s7" action="junit.framework.Assert.fail()" proba="0.034482758620689655"></transition><transition target="s8" action="junit.framework.Assert.assertEquals(java.lang.Object,java.lang.Object)" proba="0.7068965517241379"></transition><transition target="sX" action="epsilon" proba="0.22413793103448276"></transition><transition target="s2" action="junit.framework.Assert.assertEquals(java.lang.String,java.lang.String)" proba="0.017241379310344827"></transition></state><state id="s9"><transition target="s11" action="junit.framework.Assert.fail(java.lang.String)" proba="0.16666666666666666"></transition><transition target="s10" action="junit.framework.Assert.assertNull(java.lang.String,java.lang.Object)" proba="0.08333333333333333"></transition><transition target="sX" action="epsilon" proba="0.3333333333333333"></transition><transition target="s12" action="junit.framework.Assert.assertNotNull(java.lang.String,java.lang.Object)" proba="0.3333333333333333"></transition><transition target="s9" action="junit.framework.Assert.assertEquals(java.lang.String,java.lang.String,java.lang.String)" proba="0.08333333333333333"></transition></state><state id="s11"><transition target="s4" action="junit.framework.Assert.assertTrue(boolean)" proba="0.1111111111111111"></transition><transition target="s11" action="junit.framework.Assert.fail(java.lang.String)" proba="0.3333333333333333"></transition><transition target="sX" action="epsilon" proba="0.4444444444444444"></transition><transition target="s8" action="junit.framework.Assert.assertEquals(java.lang.Object,java.lang.Object)" proba="0.1111111111111111"></transition></state><state id="s10"><transition target="s5" action="junit.framework.Assert.assertEquals(java.lang.String,java.lang.Object,java.lang.Object)" proba="0.1"></transition><transition target="s10" action="junit.framework.Assert.assertNull(java.lang.String,java.lang.Object)" proba="0.1"></transition><transition target="sX" action="epsilon" proba="0.5"></transition><transition target="s12" action="junit.framework.Assert.assertNotNull(java.lang.String,java.lang.Object)" proba="0.3"></transition></state><state id="s13"><transition target="s3" action="junit.framework.Assert.assertEquals(java.lang.String,int,int)" proba="0.125"></transition><transition target="s13" action="junit.framework.Assert.assertTrue(java.lang.String,boolean)" proba="0.625"></transition><transition target="s12" action="junit.framework.Assert.assertNotNull(java.lang.String,java.lang.Object)" proba="0.0625"></transition><transition target="sX" action="epsilon" proba="0.1875"></transition></state><state id="s12"><transition target="s10" action="junit.framework.Assert.assertNull(java.lang.String,java.lang.Object)" proba="0.125"></transition><transition target="s13" action="junit.framework.Assert.assertTrue(java.lang.String,boolean)" proba="0.125"></transition><transition target="sX" action="epsilon" proba="0.125"></transition><transition target="s9" action="junit.framework.Assert.assertEquals(java.lang.String,java.lang.String,java.lang.String)" proba="0.625"></transition></state><state id="s15"><transition target="s16" action="junit.framework.Assert.assertEquals(int,int)" proba="1.0"></transition></state><state id="s14"><transition target="sX" action="epsilon" proba="0.015625"></transition><transition target="s14" action="junit.framework.Assert.assertEquals(java.lang.String,boolean,boolean)" proba="0.984375"></transition></state><state id="s17"><transition target="sX" action="epsilon" proba="0.4"></transition><transition target="s17" action="junit.framework.Assert.assertFalse(boolean)" proba="0.6"></transition></state><state id="s16"><transition target="s4" action="junit.framework.Assert.assertTrue(boolean)" proba="0.07692307692307693"></transition><transition target="s6" action="junit.framework.Assert.assertSame(java.lang.Object,java.lang.Object)" proba="0.07692307692307693"></transition><transition target="s8" action="junit.framework.Assert.assertEquals(java.lang.Object,java.lang.Object)" proba="0.3076923076923077"></transition><transition target="sX" action="epsilon" proba="0.15384615384615385"></transition><transition target="s16" action="junit.framework.Assert.assertEquals(int,int)" proba="0.3076923076923077"></transition><transition target="s1" action="junit.framework.Assert.assertEquals(boolean,boolean)" proba="0.07692307692307693"></transition></state><state id="s19"><transition target="sX" action="epsilon" proba="1.0"></transition></state><state id="s18"><transition target="s5" action="junit.framework.Assert.assertEquals(java.lang.String,java.lang.Object,java.lang.Object)" proba="1.0"></transition></state><state id="s0"><transition target="s3" action="junit.framework.Assert.assertEquals(java.lang.String,int,int)" proba="0.023622047244094488"></transition><transition target="s4" action="junit.framework.Assert.assertTrue(boolean)" proba="0.38188976377952755"></transition><transition target="s5" action="junit.framework.Assert.assertEquals(java.lang.String,java.lang.Object,java.lang.Object)" proba="0.011811023622047244"></transition><transition target="s6" action="junit.framework.Assert.assertSame(java.lang.Object,java.lang.Object)" proba="0.023622047244094488"></transition><transition target="s7" action="junit.framework.Assert.fail()" proba="0.03543307086614173"></transition><transition target="s8" action="junit.framework.Assert.assertEquals(java.lang.Object,java.lang.Object)" proba="0.023622047244094488"></transition><transition target="s9" action="junit.framework.Assert.assertEquals(java.lang.String,java.lang.String,java.lang.String)" proba="0.003937007874015748"></transition><transition target="s11" action="junit.framework.Assert.fail(java.lang.String)" proba="0.011811023622047244"></transition><transition target="s10" action="junit.framework.Assert.assertNull(java.lang.String,java.lang.Object)" proba="0.023622047244094488"></transition><transition target="s13" action="junit.framework.Assert.assertTrue(java.lang.String,boolean)" proba="0.01968503937007874"></transition><transition target="s15" action="junit.framework.Assert.assertNotNull(java.lang.Object)" proba="0.011811023622047244"></transition><transition target="s14" action="junit.framework.Assert.assertEquals(java.lang.String,boolean,boolean)" proba="0.003937007874015748"></transition><transition target="s16" action="junit.framework.Assert.assertEquals(int,int)" proba="0.023622047244094488"></transition><transition target="s18" action="junit.framework.Assert.assertFalse(java.lang.String,boolean)" proba="0.003937007874015748"></transition><transition target="s1" action="junit.framework.Assert.assertEquals(boolean,boolean)" proba="0.03543307086614173"></transition><transition target="s2" action="junit.framework.Assert.assertEquals(java.lang.String,java.lang.String)" proba="0.36220472440944884"></transition></state><state id="s1"><transition target="sX" action="epsilon" proba="0.22727272727272727"></transition><transition target="s1" action="junit.framework.Assert.assertEquals(boolean,boolean)" proba="0.7727272727272727"></transition></state><state id="s2"><transition target="s6" action="junit.framework.Assert.assertSame(java.lang.Object,java.lang.Object)" proba="0.003787878787878788"></transition><transition target="sX" action="epsilon" proba="0.3522727272727273"></transition><transition target="s8" action="junit.framework.Assert.assertEquals(java.lang.Object,java.lang.Object)" proba="0.011363636363636364"></transition><transition target="s2" action="junit.framework.Assert.assertEquals(java.lang.String,java.lang.String)" proba="0.6325757575757576"></transition></state></states></ts>