<?xml version="1.0"?><ts><start>s0</start><states><state id="s3"><transition target="sX" action="epsilon" proba="1.0"></transition></state><state id="s4"><transition target="sX" action="epsilon" proba="1.0"></transition></state><state id="sX"><transition target="s0" action="epsilon" proba="1.0"></transition></state><state id="s0"><transition target="s3" action="junit.framework.TestCase.tearDown()" proba="0.21052631578947367"></transition><transition target="s4" action="junit.framework.TestCase.setUp()" proba="0.3157894736842105"></transition><transition target="s1" action="junit.framework.TestCase.&lt;init&gt;(java.lang.String)" proba="0.42105263157894735"></transition><transition target="s2" action="junit.framework.TestCase.&lt;init&gt;()" proba="0.05263157894736842"></transition></state><state id="s1"><transition target="sX" action="epsilon" proba="1.0"></transition></state><state id="s2"><transition target="sX" action="epsilon" proba="1.0"></transition></state></states></ts>