<?xml version='1.0' encoding='UTF-8'?><ts><start>s0</start><states><state id="s3"><transition target="sX" action="epsilon" proba="1.0"/></state><state id="s4"><transition target="s4" action="junit.framework.TestCase.assertEquals(int,int)" proba="0.25"/><transition target="s6" action="junit.framework.TestCase.assertEquals(java.lang.Object,java.lang.Object)" proba="0.25"/><transition target="sX" action="epsilon" proba="0.5"/></state><state id="s5"><transition target="s5" action="junit.framework.TestCase.assertFalse(boolean)" proba="0.2"/><transition target="sX" action="epsilon" proba="0.1"/><transition target="s1" action="junit.framework.TestCase.assertTrue(boolean)" proba="0.3"/><transition target="s2" action="junit.framework.TestCase.assertEquals(java.lang.String,java.lang.String)" proba="0.4"/></state><state id="s6"><transition target="s4" action="junit.framework.TestCase.assertEquals(int,int)" proba="0.25"/><transition target="s6" action="junit.framework.TestCase.assertEquals(java.lang.Object,java.lang.Object)" proba="0.25"/><transition target="sX" action="epsilon" proba="0.25"/><transition target="s1" action="junit.framework.TestCase.assertTrue(boolean)" proba="0.25"/></state><state id="s7"><transition target="s8" action="junit.framework.TestCase.assertEquals(java.lang.String,boolean,boolean)" proba="1.0"/></state><state id="sX"><transition target="s0" action="epsilon" proba="1.0"/></state><state id="s8"><transition target="sX" action="epsilon" proba="1.0"/></state><state id="s0"><transition target="s3" action="junit.framework.TestCase.assertNotNull(java.lang.Object)" proba="0.014285714285714285"/><transition target="s4" action="junit.framework.TestCase.assertEquals(int,int)" proba="0.02857142857142857"/><transition target="s5" action="junit.framework.TestCase.assertFalse(boolean)" proba="0.05714285714285714"/><transition target="s6" action="junit.framework.TestCase.assertEquals(java.lang.Object,java.lang.Object)" proba="0.02857142857142857"/><transition target="s1" action="junit.framework.TestCase.assertTrue(boolean)" proba="0.4857142857142857"/><transition target="s2" action="junit.framework.TestCase.assertEquals(java.lang.String,java.lang.String)" proba="0.38571428571428573"/></state><state id="s1"><transition target="s5" action="junit.framework.TestCase.assertFalse(boolean)" proba="0.044444444444444446"/><transition target="sX" action="epsilon" proba="0.022222222222222223"/><transition target="s1" action="junit.framework.TestCase.assertTrue(boolean)" proba="0.35555555555555557"/><transition target="s2" action="junit.framework.TestCase.assertEquals(java.lang.String,java.lang.String)" proba="0.5777777777777777"/></state><state id="s2"><transition target="s7" action="junit.framework.TestCase.assertNotNull(java.lang.String,java.lang.Object)" proba="0.011764705882352941"/><transition target="sX" action="epsilon" proba="0.7294117647058823"/><transition target="s1" action="junit.framework.TestCase.assertTrue(boolean)" proba="0.23529411764705882"/><transition target="s2" action="junit.framework.TestCase.assertEquals(java.lang.String,java.lang.String)" proba="0.023529411764705882"/></state></states></ts>