<?xml version="1.0"?><ts><start>s0</start><states><state id="s3"><transition target="s3" action="junit.framework.Assert.fail(java.lang.String)" proba="0.2222222222222222"></transition><transition target="s7" action="junit.framework.Assert.assertEquals(java.lang.Object,java.lang.Object)" proba="0.2222222222222222"></transition><transition target="sX" action="epsilon" proba="0.5555555555555556"></transition></state><state id="s4"><transition target="s4" action="junit.framework.Assert.assertTrue(java.lang.String,boolean)" proba="0.3333333333333333"></transition><transition target="s5" action="junit.framework.Assert.assertEquals(java.lang.String,double,double,double)" proba="0.3333333333333333"></transition><transition target="s2" action="junit.framework.Assert.assertEquals(double,double,double)" proba="0.3333333333333333"></transition></state><state id="s5"><transition target="s5" action="junit.framework.Assert.assertEquals(java.lang.String,double,double,double)" proba="0.3333333333333333"></transition><transition target="sX" action="epsilon" proba="0.6666666666666666"></transition></state><state id="s6"><transition target="s3" action="junit.framework.Assert.fail(java.lang.String)" proba="1.0"></transition></state><state id="s10"><transition target="sX" action="epsilon" proba="1.0"></transition></state><state id="s7"><transition target="sX" action="epsilon" proba="1.0"></transition></state><state id="sX"><transition target="s0" action="epsilon" proba="1.0"></transition></state><state id="s8"><transition target="s3" action="junit.framework.Assert.fail(java.lang.String)" proba="1.0"></transition></state><state id="s9"><transition target="s10" action="junit.framework.Assert.assertEquals(java.lang.String,int,int)" proba="1.0"></transition></state><state id="s0"><transition target="s3" action="junit.framework.Assert.fail(java.lang.String)" proba="0.1"></transition><transition target="s4" action="junit.framework.Assert.assertTrue(java.lang.String,boolean)" proba="0.05"></transition><transition target="s6" action="junit.framework.Assert.assertFalse(boolean)" proba="0.025"></transition><transition target="s7" action="junit.framework.Assert.assertEquals(java.lang.Object,java.lang.Object)" proba="0.05"></transition><transition target="s8" action="junit.framework.Assert.assertNotNull(java.lang.String,java.lang.Object)" proba="0.05"></transition><transition target="s9" action="junit.framework.Assert.assertEquals(java.lang.String,java.lang.Object,java.lang.Object)" proba="0.025"></transition><transition target="s1" action="junit.framework.Assert.assertTrue(boolean)" proba="0.3"></transition><transition target="s2" action="junit.framework.Assert.assertEquals(double,double,double)" proba="0.4"></transition></state><state id="s1"><transition target="sX" action="epsilon" proba="0.55"></transition><transition target="s1" action="junit.framework.Assert.assertTrue(boolean)" proba="0.35"></transition><transition target="s2" action="junit.framework.Assert.assertEquals(double,double,double)" proba="0.1"></transition></state><state id="s2"><transition target="s5" action="junit.framework.Assert.assertEquals(java.lang.String,double,double,double)" proba="0.04"></transition><transition target="sX" action="epsilon" proba="0.68"></transition><transition target="s1" action="junit.framework.Assert.assertTrue(boolean)" proba="0.04"></transition><transition target="s2" action="junit.framework.Assert.assertEquals(double,double,double)" proba="0.24"></transition></state></states></ts>