<?xml version="1.0"?><ts><start>s0</start><states><state id="s3"><transition target="s3" action="junit.framework.Assert.assertEquals(int,int)" proba="0.3333333333333333"></transition><transition target="sX" action="epsilon" proba="0.6666666666666666"></transition></state><state id="s4"><transition target="s2" action="junit.framework.Assert.assertTrue(boolean)" proba="1.0"></transition></state><state id="s5"><transition target="s5" action="junit.framework.Assert.assertFalse(java.lang.String,boolean)" proba="0.5"></transition><transition target="sX" action="epsilon" proba="0.5"></transition></state><state id="s6"><transition target="s7" action="junit.framework.Assert.assertSame(java.lang.Object,java.lang.Object)" proba="1.0"></transition></state><state id="s7"><transition target="s3" action="junit.framework.Assert.assertEquals(int,int)" proba="1.0"></transition></state><state id="sX"><transition target="s0" action="epsilon" proba="1.0"></transition></state><state id="s0"><transition target="s3" action="junit.framework.Assert.assertEquals(int,int)" proba="0.1"></transition><transition target="s4" action="junit.framework.Assert.assertFalse(boolean)" proba="0.1"></transition><transition target="s6" action="junit.framework.Assert.assertEquals(java.lang.String,java.lang.String)" proba="0.1"></transition><transition target="s1" action="junit.framework.Assert.assertNotNull(java.lang.Object)" proba="0.4"></transition><transition target="s2" action="junit.framework.Assert.assertTrue(boolean)" proba="0.3"></transition></state><state id="s1"><transition target="s2" action="junit.framework.Assert.assertTrue(boolean)" proba="1.0"></transition></state><state id="s2"><transition target="s5" action="junit.framework.Assert.assertFalse(java.lang.String,boolean)" proba="0.1111111111111111"></transition><transition target="sX" action="epsilon" proba="0.7777777777777778"></transition><transition target="s2" action="junit.framework.Assert.assertTrue(boolean)" proba="0.1111111111111111"></transition></state></states></ts>