<?xml version="1.0"?><ts><start>s0</start><states><state id="s3"><transition target="s4" action="junit.framework.TestSuite.addTest(junit.framework.Test)" proba="0.18181818181818182"></transition><transition target="s2" action="junit.framework.TestSuite.setName(java.lang.String)" proba="0.8181818181818182"></transition></state><state id="s4"><transition target="s4" action="junit.framework.TestSuite.addTest(junit.framework.Test)" proba="0.8888888888888888"></transition><transition target="sX" action="epsilon" proba="0.1111111111111111"></transition></state><state id="s5"><transition target="s5" action="junit.framework.TestSuite.addTestSuite(java.lang.Class)" proba="0.9166666666666666"></transition><transition target="sX" action="epsilon" proba="0.08333333333333333"></transition></state><state id="sX"><transition target="s0" action="epsilon" proba="1.0"></transition></state><state id="s0"><transition target="s3" action="junit.framework.TestSuite.&lt;init&gt;()" proba="0.12941176470588237"></transition><transition target="s1" action="junit.framework.TestSuite.&lt;init&gt;(java.lang.Class)" proba="0.8705882352941177"></transition></state><state id="s1"><transition target="sX" action="epsilon" proba="0.013513513513513514"></transition><transition target="s2" action="junit.framework.TestSuite.setName(java.lang.String)" proba="0.9864864864864865"></transition></state><state id="s2"><transition target="s4" action="junit.framework.TestSuite.addTest(junit.framework.Test)" proba="0.0975609756097561"></transition><transition target="s5" action="junit.framework.TestSuite.addTestSuite(java.lang.Class)" proba="0.012195121951219513"></transition><transition target="sX" action="epsilon" proba="0.8902439024390244"></transition></state></states></ts>