<?xml version="1.0"?><ts><start>s0</start><states><state id="sX"><transition target="s0" action="epsilon" proba="1.0"></transition></state><state id="s0"><transition target="s1" action="junit.framework.TestSuite.&lt;init&gt;()" proba="1.0"></transition></state><state id="s1"><transition target="s2" action="junit.framework.TestSuite.addTest(junit.framework.Test)" proba="1.0"></transition></state><state id="s2"><transition target="sX" action="epsilon" proba="0.06060606060606061"></transition><transition target="s2" action="junit.framework.TestSuite.addTest(junit.framework.Test)" proba="0.9393939393939394"></transition></state></states></ts>